
> rfp-proposal-frontend@1.0.0 dev
> next dev

  ▲ Next.js 14.2.32
  - Local:        http://localhost:3000
  - Environments: .env.local

 ✓ Starting...
 ✓ Ready in 1319ms
 ○ Compiling / ...
 ✓ Compiled / in 662ms (378 modules)
 ✓ Compiled in 91ms (378 modules)
 GET / 200 in 843ms
 GET / 200 in 20ms
 ✓ Compiled /rfps/upload in 187ms (448 modules)
 ✓ Compiled /rfps/[id] in 120ms (460 modules)
 ✓ Compiled /proposals/[id] in 118ms (488 modules)
 ✓ Compiled in 199ms (302 modules)
 ✓ Compiled in 67ms (302 modules)
 ✓ Compiled in 299ms (456 modules)
 ✓ Compiled in 281ms (458 modules)
 ✓ Compiled in 164ms (458 modules)
 ✓ Compiled in 131ms (458 modules)
 ✓ Compiled in 113ms (458 modules)
 ✓ Compiled in 151ms (458 modules)
 ✓ Compiled in 216ms (460 modules)
 ✓ Compiled in 61ms (304 modules)
 ✓ Compiled in 76ms (304 modules)
 ✓ Compiled in 63ms (304 modules)
 ✓ Compiled in 68ms (304 modules)
 ✓ Compiled in 105ms (304 modules)
 ✓ Compiled /googledrive in 327ms (474 modules)
 ✓ Compiled /content in 196ms (477 modules)
 ✓ Compiled / in 153ms (486 modules)
 ✓ Compiled /rfps/upload in 121ms (510 modules)
 ✓ Compiled /rfps/[id] in 70ms (496 modules)
 ✓ Compiled /proposals/[id] in 84ms (514 modules)
 ✓ Compiled in 414ms (472 modules)
 ✓ Compiled in 126ms (309 modules)
 ✓ Compiled in 302ms (309 modules)
 ✓ Compiled in 168ms (309 modules)
 ✓ Compiled in 97ms (309 modules)
 ✓ Compiled in 160ms (309 modules)
 ✓ Compiled in 88ms (309 modules)
 ✓ Compiled in 133ms (309 modules)
 ✓ Compiled in 164ms (309 modules)
 ✓ Compiled in 126ms (309 modules)
 ✓ Compiled in 121ms (309 modules)
 ✓ Compiled in 187ms (309 modules)
 ✓ Compiled in 191ms (309 modules)
 ✓ Compiled in 154ms (309 modules)
 ✓ Compiled in 105ms (309 modules)
 ✓ Compiled in 165ms (309 modules)
 ✓ Compiled in 100ms (309 modules)
 ✓ Compiled in 190ms (309 modules)
 ✓ Compiled in 201ms (309 modules)
 ✓ Compiled in 211ms (309 modules)
 ✓ Compiled in 173ms (309 modules)
 ✓ Compiled in 156ms (309 modules)
 ✓ Compiled in 185ms (309 modules)
 GET /proposals/persist_6 200 in 81ms
 GET /proposals/persist_6 200 in 20ms
 ✓ Compiled / in 245ms (480 modules)
 ✓ Compiled /rfps in 226ms (490 modules)
 ✓ Compiled /proposals in 327ms (506 modules)
 ✓ Compiled in 314ms (494 modules)
 ✓ Compiled in 225ms (494 modules)
 ✓ Compiled in 239ms (496 modules)
 ✓ Compiled in 326ms (484 modules)
 ✓ Compiled in 352ms (484 modules)
 ✓ Compiled / in 241ms (492 modules)
 GET / 200 in 294ms
 ✓ Compiled in 355ms (483 modules)
 ✓ Compiled in 294ms (483 modules)
 ✓ Compiled in 298ms (483 modules)
 ✓ Compiled /rfps/[id] in 294ms (491 modules)
 ✓ Compiled /proposals/[id] in 160ms (500 modules)
 ✓ Compiled /googledrive in 435ms (514 modules)
 GET / 200 in 57ms
 ✓ Compiled /rfps/upload in 172ms (538 modules)
 ✓ Compiled / in 306ms (508 modules)
 GET / 200 in 173ms
 ✓ Compiled /templates in 133ms (518 modules)
 ✓ Compiled /rfps/[id] in 129ms (488 modules)
 ✓ Compiled /proposals/[id] in 257ms (506 modules)
 ✓ Compiled /rfps/upload in 127ms (532 modules)
